<?xml version="1.0" encoding="UTF-8"?>
<testsuite name="Command line test" failures="1" tests="12" time="0.081" errors="0">
  <properties/>
  <testcase name="testClose" time="0.003" classname="com.sktest.DbMysqlDriverTest"/>
  <testcase name="testSelect" time="0.004" classname="com.sktest.DbMysqlDriverTest"/>
  <testcase name="testFree" time="0.004" classname="com.sktest.DbMysqlDriverTest"/>
  <testcase name="testCommit" time="0.004" classname="com.sktest.DbMysqlDriverTest"/>
  <testcase name="testRollback" time="0.004" classname="com.sktest.DbMysqlDriverTest"/>
  <testcase name="testExecute" time="0.004" classname="com.sktest.DbMysqlDriverTest"/>
  <testcase name="testUpdate" time="0.003" classname="com.sktest.DbMysqlDriverTest"/>
  <testcase name="testInsert" time="0.003" classname="com.sktest.DbMysqlDriverTest"/>
  <testcase name="testStartTrans" time="0.003" classname="com.sktest.DbMysqlDriverTest"/>
  <testcase name="testDelete" time="0.004" classname="com.sktest.DbMysqlDriverTest"/>
  <testcase name="testExecuteUpdate" time="0.0" classname="com.sktest.DbMysqlDriverTest"/>
  <testcase name="testQuery" time="0.063" classname="com.sktest.DbMysqlDriverTest">
    <failure type="java.lang.NoClassDefFoundError" message="com/mysql/jdbc/Driver">
      <![CDATA[java.lang.NoClassDefFoundError: com/mysql/jdbc/Driver
	at com.shopkeeper.db.DbMysqlDriver.connect(DbMysqlDriver.java:54)
	at com.shopkeeper.db.DbMysqlDriver.<init>(DbMysqlDriver.java:48)
	at com.shopkeeper.db.DatabaseDriverFactory.defaultDriver(DatabaseDriverFactory.java:23)
	at com.sktest.DbMysqlDriverTest.testQuery(DbMysqlDriverTest.java:24)
	at java.util.concurrent.ThreadPoolExecutor.runWorker(ThreadPoolExecutor.java:1110)
	at java.util.concurrent.ThreadPoolExecutor$Worker.run(ThreadPoolExecutor.java:603)
	at java.lang.Thread.run(Thread.java:722)
Caused by: java.lang.ClassNotFoundException: com.mysql.jdbc.Driver
	at java.net.URLClassLoader$1.run(URLClassLoader.java:366)
	at java.net.URLClassLoader$1.run(URLClassLoader.java:355)
	at java.security.AccessController.doPrivileged(Native Method)
	at java.net.URLClassLoader.findClass(URLClassLoader.java:354)
	at java.lang.ClassLoader.loadClass(ClassLoader.java:423)
	at sun.misc.Launcher$AppClassLoader.loadClass(Launcher.java:308)
	at java.lang.ClassLoader.loadClass(ClassLoader.java:356)
	... 18 more
... Removed 11 stack frames]]>
    </failure>
  </testcase>
</testsuite>
