<testng-results>
  <reporter-output>
  </reporter-output>
  <suite name="com.sktest.DbMysqlDriverTest">
    <groups>
    </groups>
    <test name="Command line test">
      <class name="com.sktest.DbMysqlDriverTest">
        <test-method status="FAIL" signature="testQuery()" name="testQuery" duration-ms="63" started-at="2012-10-12T23:26:21Z" finished-at="2012-10-12T23:26:21Z">
          <exception class="java.lang.NoClassDefFoundError">
            <message>
              <![CDATA[com/mysql/jdbc/Driver]]>
            </message>
            <full-stacktrace>
              <![CDATA[java.lang.NoClassDefFoundError: com/mysql/jdbc/Driver
	at com.shopkeeper.db.DbMysqlDriver.connect(DbMysqlDriver.java:54)
	at com.shopkeeper.db.DbMysqlDriver.&lt;init&gt;(DbMysqlDriver.java:48)
	at com.shopkeeper.db.DatabaseDriverFactory.defaultDriver(DatabaseDriverFactory.java:23)
	at com.sktest.DbMysqlDriverTest.testQuery(DbMysqlDriverTest.java:24)
	at sun.reflect.NativeMethodAccessorImpl.invoke0(Native Method)
	at sun.reflect.NativeMethodAccessorImpl.invoke(NativeMethodAccessorImpl.java:57)
	at sun.reflect.DelegatingMethodAccessorImpl.invoke(DelegatingMethodAccessorImpl.java:43)
	at java.lang.reflect.Method.invoke(Method.java:601)
	at org.testng.internal.MethodHelper.invokeMethod(MethodHelper.java:580)
	at org.testng.internal.Invoker.invokeMethod(Invoker.java:478)
	at org.testng.internal.Invoker.invokeTestMethod(Invoker.java:617)
	at org.testng.internal.Invoker.invokeTestMethods(Invoker.java:885)
	at org.testng.internal.TestMethodWorker.invokeTestMethods(TestMethodWorker.java:126)
	at org.testng.internal.TestMethodWorker.run(TestMethodWorker.java:110)
	at org.testng.internal.thread.ThreadUtil$CountDownLatchedRunnable.run(ThreadUtil.java:132)
	at java.util.concurrent.ThreadPoolExecutor.runWorker(ThreadPoolExecutor.java:1110)
	at java.util.concurrent.ThreadPoolExecutor$Worker.run(ThreadPoolExecutor.java:603)
	at java.lang.Thread.run(Thread.java:722)
Caused by: java.lang.ClassNotFoundException: com.mysql.jdbc.Driver
	at java.net.URLClassLoader$1.run(URLClassLoader.java:366)
	at java.net.URLClassLoader$1.run(URLClassLoader.java:355)
	at java.security.AccessController.doPrivileged(Native Method)
	at java.net.URLClassLoader.findClass(URLClassLoader.java:354)
	at java.lang.ClassLoader.loadClass(ClassLoader.java:423)
	at sun.misc.Launcher$AppClassLoader.loadClass(Launcher.java:308)
	at java.lang.ClassLoader.loadClass(ClassLoader.java:356)
	... 18 more
]]>
            </full-stacktrace>
          </exception>
        </test-method>
        <test-method status="PASS" signature="testDelete()" name="testDelete" duration-ms="4" started-at="2012-10-12T23:26:21Z" finished-at="2012-10-12T23:26:21Z">
        </test-method>
        <test-method status="PASS" signature="testCommit()" name="testCommit" duration-ms="4" started-at="2012-10-12T23:26:21Z" finished-at="2012-10-12T23:26:21Z">
        </test-method>
        <test-method status="PASS" signature="testRollback()" name="testRollback" duration-ms="4" started-at="2012-10-12T23:26:21Z" finished-at="2012-10-12T23:26:21Z">
        </test-method>
        <test-method status="PASS" signature="testUpdate()" name="testUpdate" duration-ms="3" started-at="2012-10-12T23:26:21Z" finished-at="2012-10-12T23:26:21Z">
        </test-method>
        <test-method status="PASS" signature="testStartTrans()" name="testStartTrans" duration-ms="3" started-at="2012-10-12T23:26:21Z" finished-at="2012-10-12T23:26:21Z">
        </test-method>
        <test-method status="PASS" signature="testInsert()" name="testInsert" duration-ms="3" started-at="2012-10-12T23:26:21Z" finished-at="2012-10-12T23:26:21Z">
        </test-method>
        <test-method status="PASS" signature="testExecuteUpdate()" name="testExecuteUpdate" duration-ms="0" started-at="2012-10-12T23:26:21Z" finished-at="2012-10-12T23:26:21Z">
        </test-method>
        <test-method status="PASS" signature="testSelect()" name="testSelect" duration-ms="4" started-at="2012-10-12T23:26:21Z" finished-at="2012-10-12T23:26:21Z">
        </test-method>
        <test-method status="PASS" signature="testClose()" name="testClose" duration-ms="3" started-at="2012-10-12T23:26:21Z" finished-at="2012-10-12T23:26:21Z">
        </test-method>
        <test-method status="PASS" signature="testFree()" name="testFree" duration-ms="4" started-at="2012-10-12T23:26:21Z" finished-at="2012-10-12T23:26:21Z">
        </test-method>
        <test-method status="PASS" signature="testExecute()" name="testExecute" duration-ms="4" started-at="2012-10-12T23:26:21Z" finished-at="2012-10-12T23:26:21Z">
        </test-method>
      </class>
    </test>
  </suite>
</testng-results>
