<?xml version="1.0" encoding="UTF-8" ?>
<testsuite failures="1" time="0.105" errors="0" skipped="0" tests="13" name="TestSuite">
  <properties>
[...]
</properties>
  <testcase time="0.003" classname="com.shopkeeper.TestUnit" name="testMethod1"/>
  <testcase time="0.004" classname="com.sktest.DbMysqlDriverTest" name="testExecute"/>
  <testcase time="0.004" classname="com.sktest.DbMysqlDriverTest" name="testExecuteUpdate"/>
  <testcase time="0.004" classname="com.sktest.DbMysqlDriverTest" name="testRollback"/>
  <testcase time="0.004" classname="com.sktest.DbMysqlDriverTest" name="testUpdate"/>
  <testcase time="0.004" classname="com.sktest.DbMysqlDriverTest" name="testSelect"/>
  <testcase time="0.004" classname="com.sktest.DbMysqlDriverTest" name="testStartTrans"/>
  <testcase time="0.004" classname="com.sktest.DbMysqlDriverTest" name="testDelete"/>
  <testcase time="0.004" classname="com.sktest.DbMysqlDriverTest" name="testCommit"/>
  <testcase time="0.004" classname="com.sktest.DbMysqlDriverTest" name="testInsert"/>
  <testcase time="0" classname="com.sktest.DbMysqlDriverTest" name="testClose"/>
  <testcase time="0" classname="com.sktest.DbMysqlDriverTest" name="testFree"/>
  <testcase time="0.066" classname="com.sktest.DbMysqlDriverTest" name="testQuery">
    <failure type="java.lang.NullPointerException">java.lang.NullPointerException
	at com.shopkeeper.db.DbMysqlDriver.getStatement(DbMysqlDriver.java:69)
	at com.shopkeeper.db.DbMysqlDriver.query(DbMysqlDriver.java:117)
	at com.sktest.DbMysqlDriverTest.testQuery(DbMysqlDriverTest.java:25)
</failure>
    <system-err>SLF4J: Class path contains multiple SLF4J bindings.
SLF4J: Found binding in [jar:file:/C:/Users/zhanghaojie/.m2/repository/org/slf4j/slf4j-log4j12/1.6.1/slf4j-log4j12-1.6.1.jar!/org/slf4j/impl/StaticLoggerBinder.class]
SLF4J: Found binding in [jar:file:/C:/Users/zhanghaojie/.m2/repository/org/slf4j/slf4j-nop/1.4.3/slf4j-nop-1.4.3.jar!/org/slf4j/impl/StaticLoggerBinder.class]
SLF4J: See http://www.slf4j.org/codes.html#multiple_bindings for an explanation.
log4j:ERROR Could not find value for key log4j.appender.R
log4j:ERROR Could not instantiate appender named &quot;R&quot;.
java.lang.ClassNotFoundException: com.mysql.jdbc.Driver
	at java.net.URLClassLoader$1.run(URLClassLoader.java:366)
	at java.net.URLClassLoader$1.run(URLClassLoader.java:355)
	at java.security.AccessController.doPrivileged(Native Method)
	at java.net.URLClassLoader.findClass(URLClassLoader.java:354)
	at java.lang.ClassLoader.loadClass(ClassLoader.java:423)
	at sun.misc.Launcher$AppClassLoader.loadClass(Launcher.java:308)
	at java.lang.ClassLoader.loadClass(ClassLoader.java:356)
	at java.lang.Class.forName0(Native Method)
	at java.lang.Class.forName(Class.java:186)
	at com.shopkeeper.db.DbMysqlDriver.connect(DbMysqlDriver.java:53)
	at com.shopkeeper.db.DbMysqlDriver.&lt;init&gt;(DbMysqlDriver.java:46)
	at com.shopkeeper.db.DatabaseDriverFactory.defaultDriver(DatabaseDriverFactory.java:23)
	at com.sktest.DbMysqlDriverTest.testQuery(DbMysqlDriverTest.java:24)
	at sun.reflect.NativeMethodAccessorImpl.invoke0(Native Method)
	at sun.reflect.NativeMethodAccessorImpl.invoke(NativeMethodAccessorImpl.java:57)
	at sun.reflect.DelegatingMethodAccessorImpl.invoke(DelegatingMethodAccessorImpl.java:43)
	at java.lang.reflect.Method.invoke(Method.java:601)
	at org.testng.internal.MethodHelper.invokeMethod(MethodHelper.java:580)
	at org.testng.internal.Invoker.invokeMethod(Invoker.java:478)
	at org.testng.internal.Invoker.invokeTestMethod(Invoker.java:617)
	at org.testng.internal.Invoker.invokeTestMethods(Invoker.java:885)
	at org.testng.internal.TestMethodWorker.invokeTestMethods(TestMethodWorker.java:126)
	at org.testng.internal.TestMethodWorker.run(TestMethodWorker.java:110)
	at org.testng.internal.thread.ThreadUtil$CountDownLatchedRunnable.run(ThreadUtil.java:132)
	at java.util.concurrent.ThreadPoolExecutor.runWorker(ThreadPoolExecutor.java:1110)
	at java.util.concurrent.ThreadPoolExecutor$Worker.run(ThreadPoolExecutor.java:603)
	at java.lang.Thread.run(Thread.java:722)
</system-err>
  </testcase>
</testsuite>