<?xml version="1.0" encoding="UTF-8" ?>
<testsuite failures="0" time="1.836" errors="0" skipped="0" tests="23" name="TestSuite">
  <properties>
[...]
</properties>
  <testcase time="0.002" classname="com.rop.annotation.HttpActionTest" name="invalidValueOf"/>
  <testcase time="0.002" classname="com.rop.annotation.HttpActionTest" name="testValueOf"/>
  <testcase time="0" classname="com.rop.client.DefaultRopClientTest" name="testPostWithSession"/>
  <testcase time="0.207" classname="com.rop.concurrent.FetureTest" name="testFetureInterrupt"/>
  <testcase time="0.003" classname="com.rop.impl.DefaultRopContextTest" name="annotationTest"/>
  <testcase time="0.195" classname="com.rop.impl.DefaultRopContextTest" name="testWithGroupService"/>
  <testcase time="0.002" classname="com.rop.impl.DefaultRopContextTest" name="testWithoutGroupService"/>
  <testcase time="0.004" classname="com.rop.impl.DefaultRopContextTest" name="testIngoreSignField"/>
  <testcase time="0.389" classname="com.rop.impl.FormattingConversionServiceTest" name="testDoBind"/>
  <testcase time="0.079" classname="com.rop.impl.RopRequestMessageConverterTest" name="testConvertOfJsonFormat"/>
  <testcase time="0.001" classname="com.rop.impl.RopRequestMessageConverterTest" name="testConvertOfXmlFormat"/>
  <testcase time="0.001" classname="com.rop.impl.ServletRequestContextBuilderTest" name="testBindBusinessParams"/>
  <testcase time="0.026" classname="com.rop.impl.ServletRequestContextBuilderTest" name="testBuildBySysParams1"/>
  <testcase time="0.001" classname="com.rop.impl.ServletRequestContextBuilderTest" name="testBuildBySysParams2"/>
  <testcase time="0" classname="com.rop.impl.ServletRequestContextBuilderTest" name="testBuildBySysParams3"/>
  <testcase time="0.001" classname="com.rop.impl.ServletRequestContextBuilderTest" name="testIpParsed"/>
  <testcase time="0.009" classname="com.rop.marshaller.JaxbXmlRopResponseMarshallerTest" name="buildMarshaller"/>
  <testcase time="0.261" classname="com.rop.marshaller.MessageMarshallerUtilsTest" name="testMarshallerRopRequest"/>
  <testcase time="0.008" classname="com.rop.marshaller.MessageMarshallerUtilsTest" name="testMarshallerRopResponse"/>
  <testcase time="0" classname="com.rop.other.ClassTest" name="testAssignableFrom"/>
  <testcase time="0.002" classname="com.rop.other.ClassTest" name="modeInt"/>
  <testcase time="0" classname="com.rop.other.FunctionTest" name="testArrayToList"/>
  <testcase time="0" classname="com.rop.other.FunctionTest" name="testStringSplit"/>
</testsuite>