<?xml version="1.0" encoding="UTF-8"?>
<testsuite name="Command line test" failures="0" tests="23" time="1.21" errors="0">
  <properties/>
  <testcase name="invalidValueOf" time="0.0030" classname="com.rop.annotation.HttpActionTest"/>
  <testcase name="testValueOf" time="0.0020" classname="com.rop.annotation.HttpActionTest"/>
  <testcase name="testPostWithSession" time="0.0" classname="com.rop.client.DefaultRopClientTest"/>
  <testcase name="testFetureInterrupt" time="0.207" classname="com.rop.concurrent.FetureTest"/>
  <testcase name="annotationTest" time="0.0030" classname="com.rop.impl.DefaultRopContextTest"/>
  <testcase name="testWithGroupService" time="0.195" classname="com.rop.impl.DefaultRopContextTest"/>
  <testcase name="testWithoutGroupService" time="0.0020" classname="com.rop.impl.DefaultRopContextTest"/>
  <testcase name="testIngoreSignField" time="0.0040" classname="com.rop.impl.DefaultRopContextTest"/>
  <testcase name="testDoBind" time="0.389" classname="com.rop.impl.FormattingConversionServiceTest"/>
  <testcase name="testConvertOfJsonFormat" time="0.079" classname="com.rop.impl.RopRequestMessageConverterTest"/>
  <testcase name="testConvertOfXmlFormat" time="0.0010" classname="com.rop.impl.RopRequestMessageConverterTest"/>
  <testcase name="testBindBusinessParams" time="0.0" classname="com.rop.impl.ServletRequestContextBuilderTest"/>
  <testcase name="testBuildBySysParams1" time="0.026" classname="com.rop.impl.ServletRequestContextBuilderTest"/>
  <testcase name="testBuildBySysParams2" time="0.0010" classname="com.rop.impl.ServletRequestContextBuilderTest"/>
  <testcase name="testBuildBySysParams3" time="0.0" classname="com.rop.impl.ServletRequestContextBuilderTest"/>
  <testcase name="testIpParsed" time="0.0010" classname="com.rop.impl.ServletRequestContextBuilderTest"/>
  <testcase name="buildMarshaller" time="0.0090" classname="com.rop.marshaller.JaxbXmlRopResponseMarshallerTest"/>
  <testcase name="testMarshallerRopRequest" time="0.261" classname="com.rop.marshaller.MessageMarshallerUtilsTest"/>
  <testcase name="testMarshallerRopResponse" time="0.0080" classname="com.rop.marshaller.MessageMarshallerUtilsTest"/>
  <testcase name="testAssignableFrom" time="0.0" classname="com.rop.other.ClassTest"/>
  <testcase name="modeInt" time="0.0020" classname="com.rop.other.ClassTest"/>
  <testcase name="testArrayToList" time="0.0" classname="com.rop.other.FunctionTest"/>
  <testcase name="testStringSplit" time="0.0" classname="com.rop.other.FunctionTest"/>
</testsuite>
