<?xml version="1.0" encoding="UTF-8"?>
<testsuite name="Command line test" failures="1" tests="13" time="0.085" errors="0">
  <properties/>
  <testcase name="testStartTrans" time="0.003" classname="com.sktest.DbMysqlDriverTest"/>
  <testcase name="testSelect" time="0.003" classname="com.sktest.DbMysqlDriverTest"/>
  <testcase name="testMethod1" time="0.003" classname="com.shopkeeper.TestUnit"/>
  <testcase name="testDelete" time="0.003" classname="com.sktest.DbMysqlDriverTest"/>
  <testcase name="testRollback" time="0.003" classname="com.sktest.DbMysqlDriverTest"/>
  <testcase name="testInsert" time="0.003" classname="com.sktest.DbMysqlDriverTest"/>
  <testcase name="testExecute" time="0.003" classname="com.sktest.DbMysqlDriverTest"/>
  <testcase name="testExecuteUpdate" time="0.003" classname="com.sktest.DbMysqlDriverTest"/>
  <testcase name="testCommit" time="0.003" classname="com.sktest.DbMysqlDriverTest"/>
  <testcase name="testUpdate" time="0.003" classname="com.sktest.DbMysqlDriverTest"/>
  <testcase name="testClose" time="0.0" classname="com.sktest.DbMysqlDriverTest"/>
  <testcase name="testFree" time="0.0" classname="com.sktest.DbMysqlDriverTest"/>
  <testcase name="testQuery" time="0.067" classname="com.sktest.DbMysqlDriverTest">
    <failure type="java.lang.NullPointerException">
      <![CDATA[java.lang.NullPointerException
	at com.shopkeeper.db.DbMysqlDriver.getStatement(DbMysqlDriver.java:69)
	at com.shopkeeper.db.DbMysqlDriver.query(DbMysqlDriver.java:117)
	at com.sktest.DbMysqlDriverTest.testQuery(DbMysqlDriverTest.java:25)
	at java.util.concurrent.ThreadPoolExecutor.runWorker(ThreadPoolExecutor.java:1110)
	at java.util.concurrent.ThreadPoolExecutor$Worker.run(ThreadPoolExecutor.java:603)
	at java.lang.Thread.run(Thread.java:722)
... Removed 11 stack frames]]>
    </failure>
  </testcase>
</testsuite>
